d:\visual arquitectura de motores graficos\tutorial07\intermediate\x64\debug\vc142.pdb
d:\visual arquitectura de motores graficos\tutorial07\intermediate\x64\debug\vc142.idb
d:\visual arquitectura de motores graficos\tutorial07\intermediate\x64\debug\texture.obj
d:\visual arquitectura de motores graficos\tutorial07\intermediate\x64\debug\window.obj
d:\visual arquitectura de motores graficos\tutorial07\intermediate\x64\debug\tutorial07.obj
d:\visual arquitectura de motores graficos\tutorial07\intermediate\x64\debug\ctime.obj
d:\visual arquitectura de motores graficos\tutorial07\intermediate\x64\debug\devicecontext.obj
d:\visual arquitectura de motores graficos\tutorial07\intermediate\x64\debug\rendertargetview.obj
d:\visual arquitectura de motores graficos\tutorial07\intermediate\x64\debug\inputlayout.obj
d:\visual arquitectura de motores graficos\tutorial07\intermediate\x64\debug\device.obj
d:\visual arquitectura de motores graficos\tutorial07\intermediate\x64\debug\viewport.obj
d:\visual arquitectura de motores graficos\tutorial07\intermediate\x64\debug\swapchain.obj
d:\visual arquitectura de motores graficos\tutorial07\intermediate\x64\debug\samplerstate.obj
d:\visual arquitectura de motores graficos\tutorial07\intermediate\x64\debug\depthstencilview.obj
d:\visual arquitectura de motores graficos\tutorial07\intermediate\x64\debug\tutorial07.res
d:\visual arquitectura de motores graficos\tutorial07\bin/x64/tutorial07_d.pdb
d:\visual arquitectura de motores graficos\tutorial07\intermediate\x64\debug\tutorial07.tlog\cl.command.1.tlog
d:\visual arquitectura de motores graficos\tutorial07\intermediate\x64\debug\tutorial07.tlog\cl.read.1.tlog
d:\visual arquitectura de motores graficos\tutorial07\intermediate\x64\debug\tutorial07.tlog\cl.write.1.tlog
d:\visual arquitectura de motores graficos\tutorial07\intermediate\x64\debug\tutorial07.tlog\link-cvtres.read.1.tlog
d:\visual arquitectura de motores graficos\tutorial07\intermediate\x64\debug\tutorial07.tlog\link-cvtres.write.1.tlog
d:\visual arquitectura de motores graficos\tutorial07\intermediate\x64\debug\tutorial07.tlog\link-mt.read.1.tlog
d:\visual arquitectura de motores graficos\tutorial07\intermediate\x64\debug\tutorial07.tlog\link-mt.write.1.tlog
d:\visual arquitectura de motores graficos\tutorial07\intermediate\x64\debug\tutorial07.tlog\link-rc.read.1.tlog
d:\visual arquitectura de motores graficos\tutorial07\intermediate\x64\debug\tutorial07.tlog\link-rc.write.1.tlog
d:\visual arquitectura de motores graficos\tutorial07\intermediate\x64\debug\tutorial07.tlog\link.8492-cvtres.read.1.tlog
d:\visual arquitectura de motores graficos\tutorial07\intermediate\x64\debug\tutorial07.tlog\link.8492-cvtres.write.1.tlog
d:\visual arquitectura de motores graficos\tutorial07\intermediate\x64\debug\tutorial07.tlog\link.8492-mt.read.1.tlog
d:\visual arquitectura de motores graficos\tutorial07\intermediate\x64\debug\tutorial07.tlog\link.8492-mt.write.1.tlog
d:\visual arquitectura de motores graficos\tutorial07\intermediate\x64\debug\tutorial07.tlog\link.8492-rc.read.1.tlog
d:\visual arquitectura de motores graficos\tutorial07\intermediate\x64\debug\tutorial07.tlog\link.8492-rc.write.1.tlog
d:\visual arquitectura de motores graficos\tutorial07\intermediate\x64\debug\tutorial07.tlog\link.8492.read.1.tlog
d:\visual arquitectura de motores graficos\tutorial07\intermediate\x64\debug\tutorial07.tlog\link.8492.write.1.tlog
d:\visual arquitectura de motores graficos\tutorial07\intermediate\x64\debug\tutorial07.tlog\link.command.1.tlog
d:\visual arquitectura de motores graficos\tutorial07\intermediate\x64\debug\tutorial07.tlog\link.read.1.tlog
d:\visual arquitectura de motores graficos\tutorial07\intermediate\x64\debug\tutorial07.tlog\link.write.1.tlog
d:\visual arquitectura de motores graficos\tutorial07\intermediate\x64\debug\tutorial07.tlog\rc.command.1.tlog
d:\visual arquitectura de motores graficos\tutorial07\intermediate\x64\debug\tutorial07.tlog\rc.read.1.tlog
d:\visual arquitectura de motores graficos\tutorial07\intermediate\x64\debug\tutorial07.tlog\rc.write.1.tlog
