  Time.cpp
D:\Visual Arquitectura de motores graficos\Tutorial07\src\Time.cpp(3,1): error C2653: 'Time': is not a class or namespace name
D:\Visual Arquitectura de motores graficos\Tutorial07\src\Time.cpp(4,1): error C4430: missing type specifier - int assumed. Note: C++ does not support default-int
D:\Visual Arquitectura de motores graficos\Tutorial07\src\Time.cpp(5,1): warning C4508: 'Time': function should return a value; 'void' return type assumed
D:\Visual Arquitectura de motores graficos\Tutorial07\src\Time.cpp(7,1): error C2653: 'Time': is not a class or namespace name
D:\Visual Arquitectura de motores graficos\Tutorial07\src\Time.cpp(7,8): error C2523: '<Unknown>::~Time': destructor tag mismatch
D:\Visual Arquitectura de motores graficos\Tutorial07\src\Time.cpp(8,1): error C4430: missing type specifier - int assumed. Note: C++ does not support default-int
D:\Visual Arquitectura de motores graficos\Tutorial07\src\Time.cpp(7,12): error C2084: function 'int Time(void)' already has a body
D:\Visual Arquitectura de motores graficos\Tutorial07\src\Time.cpp(3): message : see previous definition of 'Time'
D:\Visual Arquitectura de motores graficos\Tutorial07\src\Time.cpp(12,1): error C2653: 'Time': is not a class or namespace name
D:\Visual Arquitectura de motores graficos\Tutorial07\src\Time.cpp(14,27): error C2065: 'm_lastTime': undeclared identifier
D:\Visual Arquitectura de motores graficos\Tutorial07\src\Time.cpp(14,2): error C3861: 'QueryPerformanceCounter': identifier not found
D:\Visual Arquitectura de motores graficos\Tutorial07\src\Time.cpp(15,29): error C2065: 'm_timerFrequency': undeclared identifier
D:\Visual Arquitectura de motores graficos\Tutorial07\src\Time.cpp(15,2): error C3861: 'QueryPerformanceFrequency': identifier not found
D:\Visual Arquitectura de motores graficos\Tutorial07\src\Time.cpp(19,1): error C2653: 'Time': is not a class or namespace name
D:\Visual Arquitectura de motores graficos\Tutorial07\src\Time.cpp(21,27): error C2065: 'm_currentTime': undeclared identifier
D:\Visual Arquitectura de motores graficos\Tutorial07\src\Time.cpp(21,2): error C3861: 'QueryPerformanceCounter': identifier not found
D:\Visual Arquitectura de motores graficos\Tutorial07\src\Time.cpp(22,2): error C2065: 'm_deltaTime': undeclared identifier
D:\Visual Arquitectura de motores graficos\Tutorial07\src\Time.cpp(22,17): error C2065: 'm_currentTime': undeclared identifier
D:\Visual Arquitectura de motores graficos\Tutorial07\src\Time.cpp(22,42): error C2065: 'm_lastTime': undeclared identifier
D:\Visual Arquitectura de motores graficos\Tutorial07\src\Time.cpp(22,72): error C2065: 'm_timerFrequency': undeclared identifier
D:\Visual Arquitectura de motores graficos\Tutorial07\src\Time.cpp(23,2): error C2065: 'm_lastTime': undeclared identifier
D:\Visual Arquitectura de motores graficos\Tutorial07\src\Time.cpp(23,15): error C2065: 'm_currentTime': undeclared identifier
D:\Visual Arquitectura de motores graficos\Tutorial07\src\Time.cpp(24,2): error C2065: 'm_deltaTime': undeclared identifier
D:\Visual Arquitectura de motores graficos\Tutorial07\src\Time.cpp(24,20): error C2065: 'm_deltaTime': undeclared identifier
D:\Visual Arquitectura de motores graficos\Tutorial07\src\Time.cpp(24,16): error C3861: 'min': identifier not found
D:\Visual Arquitectura de motores graficos\Tutorial07\src\Time.cpp(28,1): error C2653: 'Time': is not a class or namespace name
D:\Visual Arquitectura de motores graficos\Tutorial07\src\Time.cpp(33,2): error C2653: 'Time': is not a class or namespace name
  Tutorial07.cpp
D:\Visual Arquitectura de motores graficos\Tutorial07\src\Tutorial07.cpp(8,10): fatal error C1083: Cannot open include file: 'Prerequisites.h': No such file or directory
  Generating Code...
